<?xml version="1.0" encoding="UTF-8"?>
<!-- Generated by org.testng.reporters.JUnitReportReporter -->
<testsuite skipped="0" hostname="DESKTOP-DAPEO3T" name="com.barcodetest.BarcodeTest" tests="1" failures="0" timestamp="23 Oct 2018 06:02:57 GMT" time="37.728" errors="0">
  <testcase name="barcodeTest" time="37.728" classname="com.barcodetest.BarcodeTest"/>
</testsuite> <!-- com.barcodetest.BarcodeTest -->
